[0m03:34:56.425513 [debug] [MainThread]: Sending event: {'category': 'dbt', 'action': 'invocation', 'label': 'start', 'context': [<snowplow_tracker.self_describing_json.SelfDescribingJson object at 0x1055ba820>, <snowplow_tracker.self_describing_json.SelfDescribingJson object at 0x1077b6880>, <snowplow_tracker.self_describing_json.SelfDescribingJson object at 0x1077ab2e0>]}


============================== 03:34:56.431804 | c5d0dbec-053f-4f64-96ed-5ccd864f016f ==============================
[0m03:34:56.431804 [info ] [MainThread]: Running with dbt=1.7.13
[0m03:34:56.432558 [debug] [MainThread]: running dbt with arguments {'printer_width': '80', 'indirect_selection': 'eager', 'write_json': 'True', 'log_cache_events': 'False', 'partial_parse': 'True', 'cache_selected_only': 'False', 'warn_error': 'None', 'fail_fast': 'False', 'debug': 'False', 'log_path': 'logs', 'version_check': 'True', 'profiles_dir': '/Users/mac/.dbt', 'use_colors': 'True', 'use_experimental_parser': 'False', 'no_print': 'None', 'quiet': 'False', 'warn_error_options': 'WarnErrorOptions(include=[], exclude=[])', 'static_parser': 'True', 'log_format': 'default', 'introspect': 'True', 'target_path': 'None', 'invocation_command': 'dbt init', 'send_anonymous_usage_stats': 'True'}
[0m03:35:20.020737 [debug] [MainThread]: Starter project path: /usr/local/lib/python3.9/site-packages/dbt/include/starter_project
[0m03:35:20.034652 [info ] [MainThread]: 
Your new dbt project "dbt_postgres_1" was created!

For more information on how to configure the profiles.yml file,
please consult the dbt documentation here:

  https://docs.getdbt.com/docs/configure-your-profile

One more thing:

Need help? Don't hesitate to reach out to us via GitHub issues or on Slack:

  https://community.getdbt.com/

Happy modeling!

[0m03:35:20.035283 [info ] [MainThread]: Setting up your profile.
[0m03:37:40.430844 [info ] [MainThread]: Profile dbt_postgres_1 written to /Users/mac/.dbt/profiles.yml using target's profile_template.yml and your supplied values. Run 'dbt debug' to validate the connection.
[0m03:37:40.438766 [debug] [MainThread]: Resource report: {"command_name": "init", "command_success": true, "command_wall_clock_time": 164.09087, "process_user_time": 2.674838, "process_kernel_time": 0.269853, "process_mem_max_rss": "95064064", "process_in_blocks": "0", "process_out_blocks": "0"}
[0m03:37:40.440818 [debug] [MainThread]: Command `dbt init` succeeded at 03:37:40.440287 after 164.09 seconds
[0m03:37:40.442774 [debug] [MainThread]: Sending event: {'category': 'dbt', 'action': 'invocation', 'label': 'end', 'context': [<snowplow_tracker.self_describing_json.SelfDescribingJson object at 0x1055ba820>, <snowplow_tracker.self_describing_json.SelfDescribingJson object at 0x1079e3970>, <snowplow_tracker.self_describing_json.SelfDescribingJson object at 0x1077ab2e0>]}
[0m03:37:40.444193 [debug] [MainThread]: Flushing usage events
[0m03:37:57.604338 [debug] [MainThread]: Sending event: {'category': 'dbt', 'action': 'invocation', 'label': 'start', 'context': [<snowplow_tracker.self_describing_json.SelfDescribingJson object at 0x107ece820>, <snowplow_tracker.self_describing_json.SelfDescribingJson object at 0x10a0cb880>, <snowplow_tracker.self_describing_json.SelfDescribingJson object at 0x10a0bf2e0>]}


============================== 03:37:57.610435 | 97152cef-2c69-498a-b622-3ddf9d2b826c ==============================
[0m03:37:57.610435 [info ] [MainThread]: Running with dbt=1.7.13
[0m03:37:57.611149 [debug] [MainThread]: running dbt with arguments {'printer_width': '80', 'indirect_selection': 'eager', 'log_cache_events': 'False', 'write_json': 'True', 'partial_parse': 'True', 'cache_selected_only': 'False', 'profiles_dir': '/Users/mac/.dbt', 'debug': 'False', 'version_check': 'True', 'log_path': 'logs', 'warn_error': 'None', 'fail_fast': 'False', 'use_colors': 'True', 'use_experimental_parser': 'False', 'no_print': 'None', 'quiet': 'False', 'log_format': 'default', 'static_parser': 'True', 'invocation_command': 'dbt debug', 'introspect': 'True', 'target_path': 'None', 'warn_error_options': 'WarnErrorOptions(include=[], exclude=[])', 'send_anonymous_usage_stats': 'True'}
[0m03:37:57.611938 [info ] [MainThread]: dbt version: 1.7.13
[0m03:37:57.612357 [info ] [MainThread]: python version: 3.9.19
[0m03:37:57.612750 [info ] [MainThread]: python path: /usr/local/opt/python@3.9/bin/python3.9
[0m03:37:57.613137 [info ] [MainThread]: os info: macOS-14.2.1-x86_64-i386-64bit
[0m03:37:57.738485 [info ] [MainThread]: Using profiles dir at /Users/mac/.dbt
[0m03:37:57.739102 [info ] [MainThread]: Using profiles.yml file at /Users/mac/.dbt/profiles.yml
[0m03:37:57.739511 [info ] [MainThread]: Using dbt_project.yml file at /Users/mac/Documents/postgre-minikube/dbt_project.yml
[0m03:37:57.739967 [error] [MainThread]: Encountered an error:
Internal Error
  Profile should not be None if loading profile completed
[0m03:37:57.741426 [debug] [MainThread]: Resource report: {"command_name": "debug", "command_wall_clock_time": 0.21185409, "process_user_time": 2.749691, "process_kernel_time": 0.26224, "process_mem_max_rss": "97169408", "command_success": false, "process_in_blocks": "0", "process_out_blocks": "0"}
[0m03:37:57.742226 [debug] [MainThread]: Command `dbt debug` failed at 03:37:57.741944 after 0.21 seconds
[0m03:37:57.742752 [debug] [MainThread]: Sending event: {'category': 'dbt', 'action': 'invocation', 'label': 'end', 'context': [<snowplow_tracker.self_describing_json.SelfDescribingJson object at 0x107ece820>, <snowplow_tracker.self_describing_json.SelfDescribingJson object at 0x1079a49d0>, <snowplow_tracker.self_describing_json.SelfDescribingJson object at 0x10a069af0>]}
[0m03:37:57.743220 [debug] [MainThread]: Flushing usage events
[0m03:40:58.328716 [debug] [MainThread]: Sending event: {'category': 'dbt', 'action': 'invocation', 'label': 'start', 'context': [<snowplow_tracker.self_describing_json.SelfDescribingJson object at 0x105bf7280>, <snowplow_tracker.self_describing_json.SelfDescribingJson object at 0x107df77f0>, <snowplow_tracker.self_describing_json.SelfDescribingJson object at 0x107deaa60>]}


============================== 03:40:58.334783 | 93b9441c-1b2e-4ba3-bb8f-41f1f0a14c5a ==============================
[0m03:40:58.334783 [info ] [MainThread]: Running with dbt=1.7.13
[0m03:40:58.335639 [debug] [MainThread]: running dbt with arguments {'printer_width': '80', 'indirect_selection': 'eager', 'write_json': 'True', 'log_cache_events': 'False', 'partial_parse': 'True', 'cache_selected_only': 'False', 'profiles_dir': '/Users/mac/.dbt', 'version_check': 'True', 'debug': 'False', 'log_path': 'logs', 'fail_fast': 'False', 'warn_error': 'None', 'use_colors': 'True', 'use_experimental_parser': 'False', 'no_print': 'None', 'quiet': 'False', 'warn_error_options': 'WarnErrorOptions(include=[], exclude=[])', 'invocation_command': 'dbt debug', 'introspect': 'True', 'log_format': 'default', 'target_path': 'None', 'static_parser': 'True', 'send_anonymous_usage_stats': 'True'}
[0m03:40:58.336439 [info ] [MainThread]: dbt version: 1.7.13
[0m03:40:58.336870 [info ] [MainThread]: python version: 3.9.19
[0m03:40:58.337263 [info ] [MainThread]: python path: /usr/local/opt/python@3.9/bin/python3.9
[0m03:40:58.337653 [info ] [MainThread]: os info: macOS-14.2.1-x86_64-i386-64bit
[0m03:40:58.478071 [info ] [MainThread]: Using profiles dir at /Users/mac/.dbt
[0m03:40:58.478624 [info ] [MainThread]: Using profiles.yml file at /Users/mac/.dbt/profiles.yml
[0m03:40:58.479054 [info ] [MainThread]: Using dbt_project.yml file at /Users/mac/Documents/postgre-minikube/dbt_project.yml
[0m03:40:58.480568 [info ] [MainThread]: adapter type: postgres
[0m03:40:58.480998 [info ] [MainThread]: adapter version: 1.7.13
[0m03:40:58.481431 [info ] [MainThread]: Configuration:
[0m03:40:58.481828 [info ] [MainThread]:   profiles.yml file [[32mOK found and valid[0m]
[0m03:40:58.482220 [info ] [MainThread]:   dbt_project.yml file [[31mERROR not found[0m]
[0m03:40:58.482610 [info ] [MainThread]: Required dependencies:
[0m03:40:58.483065 [debug] [MainThread]: Executing "git --help"
[0m03:40:58.523292 [debug] [MainThread]: STDOUT: "b"usage: git [-v | --version] [-h | --help] [-C <path>] [-c <name>=<value>]\n           [--exec-path[=<path>]] [--html-path] [--man-path] [--info-path]\n           [-p | --paginate | -P | --no-pager] [--no-replace-objects] [--bare]\n           [--git-dir=<path>] [--work-tree=<path>] [--namespace=<name>]\n           [--config-env=<name>=<envvar>] <command> [<args>]\n\nThese are common Git commands used in various situations:\n\nstart a working area (see also: git help tutorial)\n   clone     Clone a repository into a new directory\n   init      Create an empty Git repository or reinitialize an existing one\n\nwork on the current change (see also: git help everyday)\n   add       Add file contents to the index\n   mv        Move or rename a file, a directory, or a symlink\n   restore   Restore working tree files\n   rm        Remove files from the working tree and from the index\n\nexamine the history and state (see also: git help revisions)\n   bisect    Use binary search to find the commit that introduced a bug\n   diff      Show changes between commits, commit and working tree, etc\n   grep      Print lines matching a pattern\n   log       Show commit logs\n   show      Show various types of objects\n   status    Show the working tree status\n\ngrow, mark and tweak your common history\n   branch    List, create, or delete branches\n   commit    Record changes to the repository\n   merge     Join two or more development histories together\n   rebase    Reapply commits on top of another base tip\n   reset     Reset current HEAD to the specified state\n   switch    Switch branches\n   tag       Create, list, delete or verify a tag object signed with GPG\n\ncollaborate (see also: git help workflows)\n   fetch     Download objects and refs from another repository\n   pull      Fetch from and integrate with another repository or a local branch\n   push      Update remote refs along with associated objects\n\n'git help -a' and 'git help -g' list available subcommands and some\nconcept guides. See 'git help <command>' or 'git help <concept>'\nto read about a specific subcommand or concept.\nSee 'git help git' for an overview of the system.\n""
[0m03:40:58.524773 [debug] [MainThread]: STDERR: "b''"
[0m03:40:58.525238 [info ] [MainThread]:  - git [[32mOK found[0m]

[0m03:40:58.525654 [info ] [MainThread]: Connection:
[0m03:40:58.526114 [info ] [MainThread]:   host: 192.168.59.100
[0m03:40:58.526495 [info ] [MainThread]:   port: 31079
[0m03:40:58.526867 [info ] [MainThread]:   user: myuser
[0m03:40:58.527233 [info ] [MainThread]:   database: mydatabase
[0m03:40:58.527599 [info ] [MainThread]:   schema: myschema
[0m03:40:58.527965 [info ] [MainThread]:   connect_timeout: 10
[0m03:40:58.528330 [info ] [MainThread]:   role: None
[0m03:40:58.528700 [info ] [MainThread]:   search_path: None
[0m03:40:58.529067 [info ] [MainThread]:   keepalives_idle: 0
[0m03:40:58.529430 [info ] [MainThread]:   sslmode: None
[0m03:40:58.529793 [info ] [MainThread]:   sslcert: None
[0m03:40:58.530156 [info ] [MainThread]:   sslkey: None
[0m03:40:58.530521 [info ] [MainThread]:   sslrootcert: None
[0m03:40:58.530884 [info ] [MainThread]:   application_name: dbt
[0m03:40:58.531248 [info ] [MainThread]:   retries: 1
[0m03:40:58.531847 [info ] [MainThread]: Registered adapter: postgres=1.7.13
[0m03:40:58.540014 [debug] [MainThread]: Acquiring new postgres connection 'debug'
[0m03:40:58.541391 [debug] [MainThread]: Using postgres connection "debug"
[0m03:40:58.541924 [debug] [MainThread]: On debug: select 1 as id
[0m03:40:58.542339 [debug] [MainThread]: Opening a new connection, currently in state init
[0m03:40:58.587268 [debug] [MainThread]: SQL status: SELECT 1 in 0.0 seconds
[0m03:40:58.591286 [debug] [MainThread]: On debug: Close
[0m03:40:58.592854 [info ] [MainThread]:   Connection test: [[32mOK connection ok[0m]

[0m03:40:58.594134 [info ] [MainThread]: [31m1 check failed:[0m
[0m03:40:58.595203 [info ] [MainThread]: Project loading failed for the following reason:
 project path </Users/mac/Documents/postgre-minikube/dbt_project.yml> not found

[0m03:40:58.598041 [debug] [MainThread]: Resource report: {"command_name": "debug", "command_wall_clock_time": 0.34970954, "process_user_time": 2.902644, "process_kernel_time": 0.363017, "process_mem_max_rss": "100368384", "command_success": false, "process_in_blocks": "0", "process_out_blocks": "0"}
[0m03:40:58.599028 [debug] [MainThread]: Command `dbt debug` failed at 03:40:58.598797 after 0.35 seconds
[0m03:40:58.599610 [debug] [MainThread]: Connection 'debug' was properly closed.
[0m03:40:58.600164 [debug] [MainThread]: Sending event: {'category': 'dbt', 'action': 'invocation', 'label': 'end', 'context': [<snowplow_tracker.self_describing_json.SelfDescribingJson object at 0x105bf7280>, <snowplow_tracker.self_describing_json.SelfDescribingJson object at 0x10805b970>, <snowplow_tracker.self_describing_json.SelfDescribingJson object at 0x10805f910>]}
[0m03:40:58.600806 [debug] [MainThread]: Flushing usage events
[0m03:41:54.261058 [debug] [MainThread]: Sending event: {'category': 'dbt', 'action': 'invocation', 'label': 'start', 'context': [<snowplow_tracker.self_describing_json.SelfDescribingJson object at 0x1036c3be0>, <snowplow_tracker.self_describing_json.SelfDescribingJson object at 0x10586fa90>, <snowplow_tracker.self_describing_json.SelfDescribingJson object at 0x10586f4f0>]}


============================== 03:41:54.268183 | 76c9542c-3522-47b8-b2b0-4ab9a4006519 ==============================
[0m03:41:54.268183 [info ] [MainThread]: Running with dbt=1.7.13
[0m03:41:54.268926 [debug] [MainThread]: running dbt with arguments {'printer_width': '80', 'indirect_selection': 'eager', 'log_cache_events': 'False', 'write_json': 'True', 'partial_parse': 'True', 'cache_selected_only': 'False', 'warn_error': 'None', 'debug': 'False', 'profiles_dir': '/Users/mac/.dbt/profiles.yml', 'log_path': 'logs', 'version_check': 'True', 'fail_fast': 'False', 'use_colors': 'True', 'use_experimental_parser': 'False', 'no_print': 'None', 'quiet': 'False', 'log_format': 'default', 'static_parser': 'True', 'warn_error_options': 'WarnErrorOptions(include=[], exclude=[])', 'invocation_command': 'dbt debug --profiles-dir /Users/mac/.dbt/profiles.yml --profile dbt_postgres_1', 'target_path': 'None', 'introspect': 'True', 'send_anonymous_usage_stats': 'True'}
[0m03:41:54.269745 [info ] [MainThread]: dbt version: 1.7.13
[0m03:41:54.270178 [info ] [MainThread]: python version: 3.9.19
[0m03:41:54.270598 [info ] [MainThread]: python path: /usr/local/opt/python@3.9/bin/python3.9
[0m03:41:54.271017 [info ] [MainThread]: os info: macOS-14.2.1-x86_64-i386-64bit
[0m03:41:54.271486 [info ] [MainThread]: Using profiles dir at /Users/mac/.dbt/profiles.yml
[0m03:41:54.271905 [info ] [MainThread]: Using profiles.yml file at /Users/mac/.dbt/profiles.yml/profiles.yml
[0m03:41:54.272318 [info ] [MainThread]: Using dbt_project.yml file at /Users/mac/Documents/postgre-minikube/dbt_project.yml
[0m03:41:54.272748 [info ] [MainThread]: Configuration:
[0m03:41:54.273153 [info ] [MainThread]:   profiles.yml file [[31mERROR not found[0m]
[0m03:41:54.273554 [info ] [MainThread]:   dbt_project.yml file [[31mERROR not found[0m]
[0m03:41:54.274083 [info ] [MainThread]: Required dependencies:
[0m03:41:54.274645 [debug] [MainThread]: Executing "git --help"
[0m03:41:54.312554 [debug] [MainThread]: STDOUT: "b"usage: git [-v | --version] [-h | --help] [-C <path>] [-c <name>=<value>]\n           [--exec-path[=<path>]] [--html-path] [--man-path] [--info-path]\n           [-p | --paginate | -P | --no-pager] [--no-replace-objects] [--bare]\n           [--git-dir=<path>] [--work-tree=<path>] [--namespace=<name>]\n           [--config-env=<name>=<envvar>] <command> [<args>]\n\nThese are common Git commands used in various situations:\n\nstart a working area (see also: git help tutorial)\n   clone     Clone a repository into a new directory\n   init      Create an empty Git repository or reinitialize an existing one\n\nwork on the current change (see also: git help everyday)\n   add       Add file contents to the index\n   mv        Move or rename a file, a directory, or a symlink\n   restore   Restore working tree files\n   rm        Remove files from the working tree and from the index\n\nexamine the history and state (see also: git help revisions)\n   bisect    Use binary search to find the commit that introduced a bug\n   diff      Show changes between commits, commit and working tree, etc\n   grep      Print lines matching a pattern\n   log       Show commit logs\n   show      Show various types of objects\n   status    Show the working tree status\n\ngrow, mark and tweak your common history\n   branch    List, create, or delete branches\n   commit    Record changes to the repository\n   merge     Join two or more development histories together\n   rebase    Reapply commits on top of another base tip\n   reset     Reset current HEAD to the specified state\n   switch    Switch branches\n   tag       Create, list, delete or verify a tag object signed with GPG\n\ncollaborate (see also: git help workflows)\n   fetch     Download objects and refs from another repository\n   pull      Fetch from and integrate with another repository or a local branch\n   push      Update remote refs along with associated objects\n\n'git help -a' and 'git help -g' list available subcommands and some\nconcept guides. See 'git help <command>' or 'git help <concept>'\nto read about a specific subcommand or concept.\nSee 'git help git' for an overview of the system.\n""
[0m03:41:54.313586 [debug] [MainThread]: STDERR: "b''"
[0m03:41:54.314064 [info ] [MainThread]:  - git [[32mOK found[0m]

[0m03:41:54.314504 [info ] [MainThread]: Connection test skipped since no profile was found
[0m03:41:54.314952 [info ] [MainThread]: [31m2 checks failed:[0m
[0m03:41:54.315344 [info ] [MainThread]: dbt looked for a profiles.yml file in /Users/mac/.dbt/profiles.yml/profiles.yml, but did
not find one. For more information on configuring your profile, consult the
documentation:

https://docs.getdbt.com/docs/configure-your-profile


[0m03:41:54.315747 [info ] [MainThread]: Project loading failed for the following reason:
 project path </Users/mac/Documents/postgre-minikube/dbt_project.yml> not found

[0m03:41:54.317941 [debug] [MainThread]: Resource report: {"command_name": "debug", "command_wall_clock_time": 0.08014539, "process_user_time": 2.66651, "process_kernel_time": 0.291374, "process_mem_max_rss": "93409280", "command_success": false, "process_in_blocks": "0", "process_out_blocks": "0"}
[0m03:41:54.318748 [debug] [MainThread]: Command `dbt debug` failed at 03:41:54.318558 after 0.08 seconds
[0m03:41:54.319399 [debug] [MainThread]: Sending event: {'category': 'dbt', 'action': 'invocation', 'label': 'end', 'context': [<snowplow_tracker.self_describing_json.SelfDescribingJson object at 0x1036c3be0>, <snowplow_tracker.self_describing_json.SelfDescribingJson object at 0x10586feb0>, <snowplow_tracker.self_describing_json.SelfDescribingJson object at 0x10586f4f0>]}
[0m03:41:54.320007 [debug] [MainThread]: Flushing usage events
